CRITICAL - 2025-08-12 19:01:34 --> ErrorException: Undefined variable $colorActivo
[Method: GET, Route: landing]
in APPPATH\Views\landing.php on line 22.
 1 APPPATH\Views\landing.php(22): CodeIgniter\Debug\Exceptions->errorHandler(2, 'Undefined variable $colorActivo', 'C:\\xampp\\htdocs\\proyectos\\app\\Views\\landing.php', 22)
 2 SYSTEMPATH\View\View.php(226): include('C:\\xampp\\htdocs\\proyectos\\app\\Views\\landing.php')
 3 SYSTEMPATH\View\View.php(229): CodeIgniter\View\View->CodeIgniter\View\{closure}()
 4 SYSTEMPATH\Common.php(1167): CodeIgniter\View\View->render('landing', [], true)
 5 APPPATH\Controllers\LandingPage.php(11): view('landing')
 6 SYSTEMPATH\CodeIgniter.php(933): App\Controllers\LandingPage->index()
 7 SYSTEMPATH\CodeIgniter.php(507): CodeIgniter\CodeIgniter->runController(Object(App\Controllers\LandingPage))
 8 SYSTEMPATH\CodeIgniter.php(354): CodeIgniter\CodeIgniter->handleRequest(null, Object(Config\Cache), false)
 9 SYSTEMPATH\Boot.php(363): CodeIgniter\CodeIgniter->run()
10 SYSTEMPATH\Boot.php(68): CodeIgniter\Boot::runCodeIgniter(Object(CodeIgniter\CodeIgniter))
11 FCPATH\index.php(59): CodeIgniter\Boot::bootWeb(Object(Config\Paths))
CRITICAL - 2025-08-12 19:03:07 --> Error: Call to undefined function colorActivo()
[Method: GET, Route: landing]
in APPPATH\Views\landing.php on line 22.
 1 SYSTEMPATH\View\View.php(226): include()
 2 SYSTEMPATH\View\View.php(229): CodeIgniter\View\View->CodeIgniter\View\{closure}()
 3 SYSTEMPATH\Common.php(1167): CodeIgniter\View\View->render('landing', [], true)
 4 APPPATH\Controllers\LandingPage.php(11): view('landing')
 5 SYSTEMPATH\CodeIgniter.php(933): App\Controllers\LandingPage->index()
 6 SYSTEMPATH\CodeIgniter.php(507): CodeIgniter\CodeIgniter->runController(Object(App\Controllers\LandingPage))
 7 SYSTEMPATH\CodeIgniter.php(354): CodeIgniter\CodeIgniter->handleRequest(null, Object(Config\Cache), false)
 8 SYSTEMPATH\Boot.php(363): CodeIgniter\CodeIgniter->run()
 9 SYSTEMPATH\Boot.php(68): CodeIgniter\Boot::runCodeIgniter(Object(CodeIgniter\CodeIgniter))
10 FCPATH\index.php(59): CodeIgniter\Boot::bootWeb(Object(Config\Paths))
CRITICAL - 2025-08-12 19:10:30 --> ErrorException: Array to string conversion
[Method: GET, Route: landing]
in APPPATH\Views\landing.php on line 62.
 1 APPPATH\Views\landing.php(62): CodeIgniter\Debug\Exceptions->errorHandler(2, 'Array to string conversion', 'C:\\xampp\\htdocs\\proyectos\\app\\Views\\landing.php', 62)
 2 SYSTEMPATH\View\View.php(226): include('C:\\xampp\\htdocs\\proyectos\\app\\Views\\landing.php')
 3 SYSTEMPATH\View\View.php(229): CodeIgniter\View\View->CodeIgniter\View\{closure}()
 4 SYSTEMPATH\Common.php(1167): CodeIgniter\View\View->render('landing', [], true)
 5 APPPATH\Controllers\LandingPage.php(11): view('landing')
 6 SYSTEMPATH\CodeIgniter.php(933): App\Controllers\LandingPage->index()
 7 SYSTEMPATH\CodeIgniter.php(507): CodeIgniter\CodeIgniter->runController(Object(App\Controllers\LandingPage))
 8 SYSTEMPATH\CodeIgniter.php(354): CodeIgniter\CodeIgniter->handleRequest(null, Object(Config\Cache), false)
 9 SYSTEMPATH\Boot.php(363): CodeIgniter\CodeIgniter->run()
10 SYSTEMPATH\Boot.php(68): CodeIgniter\Boot::runCodeIgniter(Object(CodeIgniter\CodeIgniter))
11 FCPATH\index.php(59): CodeIgniter\Boot::bootWeb(Object(Config\Paths))
CRITICAL - 2025-08-12 19:19:06 --> ErrorException: Array to string conversion
[Method: GET, Route: landing]
in APPPATH\Views\landing.php on line 68.
 1 APPPATH\Views\landing.php(68): CodeIgniter\Debug\Exceptions->errorHandler(2, 'Array to string conversion', 'C:\\xampp\\htdocs\\proyectos\\app\\Views\\landing.php', 68)
 2 SYSTEMPATH\View\View.php(226): include('C:\\xampp\\htdocs\\proyectos\\app\\Views\\landing.php')
 3 SYSTEMPATH\View\View.php(229): CodeIgniter\View\View->CodeIgniter\View\{closure}()
 4 SYSTEMPATH\Common.php(1167): CodeIgniter\View\View->render('landing', [], true)
 5 APPPATH\Controllers\LandingPage.php(11): view('landing')
 6 SYSTEMPATH\CodeIgniter.php(933): App\Controllers\LandingPage->index()
 7 SYSTEMPATH\CodeIgniter.php(507): CodeIgniter\CodeIgniter->runController(Object(App\Controllers\LandingPage))
 8 SYSTEMPATH\CodeIgniter.php(354): CodeIgniter\CodeIgniter->handleRequest(null, Object(Config\Cache), false)
 9 SYSTEMPATH\Boot.php(363): CodeIgniter\CodeIgniter->run()
10 SYSTEMPATH\Boot.php(68): CodeIgniter\Boot::runCodeIgniter(Object(CodeIgniter\CodeIgniter))
11 FCPATH\index.php(59): CodeIgniter\Boot::bootWeb(Object(Config\Paths))
CRITICAL - 2025-08-12 19:21:50 --> ErrorException: Undefined variable $eliminado
[Method: GET, Route: landing]
in APPPATH\Views\landing.php on line 31.
 1 APPPATH\Views\landing.php(31): CodeIgniter\Debug\Exceptions->errorHandler(2, 'Undefined variable $eliminado', 'C:\\xampp\\htdocs\\proyectos\\app\\Views\\landing.php', 31)
 2 SYSTEMPATH\View\View.php(226): include('C:\\xampp\\htdocs\\proyectos\\app\\Views\\landing.php')
 3 SYSTEMPATH\View\View.php(229): CodeIgniter\View\View->CodeIgniter\View\{closure}()
 4 SYSTEMPATH\Common.php(1167): CodeIgniter\View\View->render('landing', [], true)
 5 APPPATH\Controllers\LandingPage.php(11): view('landing')
 6 SYSTEMPATH\CodeIgniter.php(933): App\Controllers\LandingPage->index()
 7 SYSTEMPATH\CodeIgniter.php(507): CodeIgniter\CodeIgniter->runController(Object(App\Controllers\LandingPage))
 8 SYSTEMPATH\CodeIgniter.php(354): CodeIgniter\CodeIgniter->handleRequest(null, Object(Config\Cache), false)
 9 SYSTEMPATH\Boot.php(363): CodeIgniter\CodeIgniter->run()
10 SYSTEMPATH\Boot.php(68): CodeIgniter\Boot::runCodeIgniter(Object(CodeIgniter\CodeIgniter))
11 FCPATH\index.php(59): CodeIgniter\Boot::bootWeb(Object(Config\Paths))
CRITICAL - 2025-08-12 19:21:56 --> ErrorException: Undefined variable $eliminado
[Method: GET, Route: landing]
in APPPATH\Views\landing.php on line 31.
 1 APPPATH\Views\landing.php(31): CodeIgniter\Debug\Exceptions->errorHandler(2, 'Undefined variable $eliminado', 'C:\\xampp\\htdocs\\proyectos\\app\\Views\\landing.php', 31)
 2 SYSTEMPATH\View\View.php(226): include('C:\\xampp\\htdocs\\proyectos\\app\\Views\\landing.php')
 3 SYSTEMPATH\View\View.php(229): CodeIgniter\View\View->CodeIgniter\View\{closure}()
 4 SYSTEMPATH\Common.php(1167): CodeIgniter\View\View->render('landing', [], true)
 5 APPPATH\Controllers\LandingPage.php(11): view('landing')
 6 SYSTEMPATH\CodeIgniter.php(933): App\Controllers\LandingPage->index()
 7 SYSTEMPATH\CodeIgniter.php(507): CodeIgniter\CodeIgniter->runController(Object(App\Controllers\LandingPage))
 8 SYSTEMPATH\CodeIgniter.php(354): CodeIgniter\CodeIgniter->handleRequest(null, Object(Config\Cache), false)
 9 SYSTEMPATH\Boot.php(363): CodeIgniter\CodeIgniter->run()
10 SYSTEMPATH\Boot.php(68): CodeIgniter\Boot::runCodeIgniter(Object(CodeIgniter\CodeIgniter))
11 FCPATH\index.php(59): CodeIgniter\Boot::bootWeb(Object(Config\Paths))
CRITICAL - 2025-08-12 19:22:48 --> ErrorException: Array to string conversion
[Method: GET, Route: landing]
in APPPATH\Views\landing.php on line 28.
 1 APPPATH\Views\landing.php(28): CodeIgniter\Debug\Exceptions->errorHandler(2, 'Array to string conversion', 'C:\\xampp\\htdocs\\proyectos\\app\\Views\\landing.php', 28)
 2 APPPATH\Views\landing.php(69): eliminar([...])
 3 SYSTEMPATH\View\View.php(226): include('C:\\xampp\\htdocs\\proyectos\\app\\Views\\landing.php')
 4 SYSTEMPATH\View\View.php(229): CodeIgniter\View\View->CodeIgniter\View\{closure}()
 5 SYSTEMPATH\Common.php(1167): CodeIgniter\View\View->render('landing', [], true)
 6 APPPATH\Controllers\LandingPage.php(11): view('landing')
 7 SYSTEMPATH\CodeIgniter.php(933): App\Controllers\LandingPage->index()
 8 SYSTEMPATH\CodeIgniter.php(507): CodeIgniter\CodeIgniter->runController(Object(App\Controllers\LandingPage))
 9 SYSTEMPATH\CodeIgniter.php(354): CodeIgniter\CodeIgniter->handleRequest(null, Object(Config\Cache), false)
10 SYSTEMPATH\Boot.php(363): CodeIgniter\CodeIgniter->run()
11 SYSTEMPATH\Boot.php(68): CodeIgniter\Boot::runCodeIgniter(Object(CodeIgniter\CodeIgniter))
12 FCPATH\index.php(59): CodeIgniter\Boot::bootWeb(Object(Config\Paths))
CRITICAL - 2025-08-12 19:23:11 --> ErrorException: Array to string conversion
[Method: GET, Route: landing]
in APPPATH\Views\landing.php on line 27.
 1 APPPATH\Views\landing.php(27): CodeIgniter\Debug\Exceptions->errorHandler(2, 'Array to string conversion', 'C:\\xampp\\htdocs\\proyectos\\app\\Views\\landing.php', 27)
 2 APPPATH\Views\landing.php(68): eliminar([...])
 3 SYSTEMPATH\View\View.php(226): include('C:\\xampp\\htdocs\\proyectos\\app\\Views\\landing.php')
 4 SYSTEMPATH\View\View.php(229): CodeIgniter\View\View->CodeIgniter\View\{closure}()
 5 SYSTEMPATH\Common.php(1167): CodeIgniter\View\View->render('landing', [], true)
 6 APPPATH\Controllers\LandingPage.php(11): view('landing')
 7 SYSTEMPATH\CodeIgniter.php(933): App\Controllers\LandingPage->index()
 8 SYSTEMPATH\CodeIgniter.php(507): CodeIgniter\CodeIgniter->runController(Object(App\Controllers\LandingPage))
 9 SYSTEMPATH\CodeIgniter.php(354): CodeIgniter\CodeIgniter->handleRequest(null, Object(Config\Cache), false)
10 SYSTEMPATH\Boot.php(363): CodeIgniter\CodeIgniter->run()
11 SYSTEMPATH\Boot.php(68): CodeIgniter\Boot::runCodeIgniter(Object(CodeIgniter\CodeIgniter))
12 FCPATH\index.php(59): CodeIgniter\Boot::bootWeb(Object(Config\Paths))
CRITICAL - 2025-08-12 19:23:13 --> ErrorException: Array to string conversion
[Method: GET, Route: landing]
in APPPATH\Views\landing.php on line 27.
 1 APPPATH\Views\landing.php(27): CodeIgniter\Debug\Exceptions->errorHandler(2, 'Array to string conversion', 'C:\\xampp\\htdocs\\proyectos\\app\\Views\\landing.php', 27)
 2 APPPATH\Views\landing.php(68): eliminar([...])
 3 SYSTEMPATH\View\View.php(226): include('C:\\xampp\\htdocs\\proyectos\\app\\Views\\landing.php')
 4 SYSTEMPATH\View\View.php(229): CodeIgniter\View\View->CodeIgniter\View\{closure}()
 5 SYSTEMPATH\Common.php(1167): CodeIgniter\View\View->render('landing', [], true)
 6 APPPATH\Controllers\LandingPage.php(11): view('landing')
 7 SYSTEMPATH\CodeIgniter.php(933): App\Controllers\LandingPage->index()
 8 SYSTEMPATH\CodeIgniter.php(507): CodeIgniter\CodeIgniter->runController(Object(App\Controllers\LandingPage))
 9 SYSTEMPATH\CodeIgniter.php(354): CodeIgniter\CodeIgniter->handleRequest(null, Object(Config\Cache), false)
10 SYSTEMPATH\Boot.php(363): CodeIgniter\CodeIgniter->run()
11 SYSTEMPATH\Boot.php(68): CodeIgniter\Boot::runCodeIgniter(Object(CodeIgniter\CodeIgniter))
12 FCPATH\index.php(59): CodeIgniter\Boot::bootWeb(Object(Config\Paths))
CRITICAL - 2025-08-12 19:26:52 --> ParseError: syntax error, unexpected token "}"
[Method: GET, Route: landing]
in APPPATH\Views\landing.php on line 28.
 1 SYSTEMPATH\View\View.php(229): CodeIgniter\View\View->CodeIgniter\View\{closure}()
 2 SYSTEMPATH\Common.php(1167): CodeIgniter\View\View->render('landing', [], true)
 3 APPPATH\Controllers\LandingPage.php(11): view('landing')
 4 SYSTEMPATH\CodeIgniter.php(933): App\Controllers\LandingPage->index()
 5 SYSTEMPATH\CodeIgniter.php(507): CodeIgniter\CodeIgniter->runController(Object(App\Controllers\LandingPage))
 6 SYSTEMPATH\CodeIgniter.php(354): CodeIgniter\CodeIgniter->handleRequest(null, Object(Config\Cache), false)
 7 SYSTEMPATH\Boot.php(363): CodeIgniter\CodeIgniter->run()
 8 SYSTEMPATH\Boot.php(68): CodeIgniter\Boot::runCodeIgniter(Object(CodeIgniter\CodeIgniter))
 9 FCPATH\index.php(59): CodeIgniter\Boot::bootWeb(Object(Config\Paths))
